<?xml version="1.0" encoding="UTF-8"?>
<!-- Generated by org.testng.reporters.JUnitReportReporter -->
<testsuite hostname="VAibS-PC" failures="0" tests="1" name="get_dataof_Pushpa.TestClass_Pushpa_TheRise_IMDB" time="181.115" errors="0" timestamp="2023-02-22T17:11:12 IST" skipped="0">
  <testcase classname="get_dataof_Pushpa.TestClass_Pushpa_TheRise_IMDB" name="getThedetails_IMDB" time="181.115"/>
  <system-out/>
</testsuite> <!-- get_dataof_Pushpa.TestClass_Pushpa_TheRise_IMDB -->
