<?xml version="1.0" encoding="UTF-8"?>
<!-- Generated by org.testng.reporters.JUnitReportReporter -->
<testsuite hostname="VAibS-PC" failures="0" tests="1" name="get_dataof_Pushpa.TestClass_Pushpa_TheRise_WIKI" time="47.378" errors="0" timestamp="2023-02-22T17:11:12 IST" skipped="0">
  <testcase classname="get_dataof_Pushpa.TestClass_Pushpa_TheRise_WIKI" name="getThedetails_WIKI" time="47.378"/>
  <system-out/>
</testsuite> <!-- get_dataof_Pushpa.TestClass_Pushpa_TheRise_WIKI -->
